Removed Pin From Net: NetName=NetIC2_6 Pin=J1-6
Removed Pin From Net: NetName=NetIC2_4 Pin=J1-8
Removed Pin From Net: NetName=NetIC2_6 Pin=R7-2
Removed Pin From Net: NetName=NetIC2_4 Pin=R9-2
Removed Member From Class: ClassName=MCU Member=C14
Added Component: Designator=U1(PAG0064A_M)
Add component. Clean all parameters for all variants
Add component (AddParameter): Name = "# Input Channels"; Value = "8"; VariantName = "[No Variations]"
Add component (AddParameter): Name = "AFE Analog Supply"; Value = ""; VariantName = "[No Variations]"
Add component (AddParameter): Name = "AFE Digital Supply"; Value = ""; VariantName = "[No Variations]"
Add component (AddParameter): Name = "Architecture"; Value = "Delta-Sigma"; VariantName = "[No Variations]"
Add component (AddParameter): Name = "CMRR"; Value = ""; VariantName = "[No Variations]"
Add component (AddParameter): Name = "ComponentLink1Description"; Value = "Manufacturer URL"; VariantName = "[No Variations]"
Add component (AddParameter): Name = "ComponentLink1URL"; Value = "http://www.ti.com/"; VariantName = "[No Variations]"
Add component (AddParameter): Name = "ComponentLink2Description"; Value = "Datasheet"; VariantName = "[No Variations]"
Add component (AddParameter): Name = "ComponentLink2URL"; Value = "http://www.ti.com/lit/ds/symlink/ads1299.pdf"; VariantName = "[No Variations]"
Add component (AddParameter): Name = "ComponentLink3Description"; Value = "Package Specification"; VariantName = "[No Variations]"
Add component (AddParameter): Name = "ComponentLink3URL"; Value = "http://www.ti.com/lit/ml/mtqf006a/mtqf006a.pdf"; VariantName = "[No Variations]"
Add component (AddParameter): Name = "DatasheetVersion"; Value = "SBAS499A"; VariantName = "[No Variations]"
Add component (AddParameter): Name = "Interface"; Value = "Serial SPI"; VariantName = "[No Variations]"
Add component (AddParameter): Name = "Manufacturer"; Value = "Texas Instruments"; VariantName = "[No Variations]"
Add component (AddParameter): Name = "Mounting Technology"; Value = "Surface Mount"; VariantName = "[No Variations]"
Add component (AddParameter): Name = "Operating Temperature Range"; Value = ""; VariantName = "[No Variations]"
Add component (AddParameter): Name = "Operating Temperature Range (C)"; Value = "-40 to 85"; VariantName = "[No Variations]"
Add component (AddParameter): Name = "PackageDescription"; Value = "64-Pin Plastic Quad Flatpack, Body 10 x 10 mm, Pitch 0.5 mm"; VariantName = "[No Variations]"
Add component (AddParameter): Name = "PackageReference"; Value = "PAG-64"; VariantName = "[No Variations]"
Add component (AddParameter): Name = "PackageVersion"; Value = "4040282/C"; VariantName = "[No Variations]"
Add component (AddParameter): Name = "Packing"; Value = "PAG0064A"; VariantName = "[No Variations]"
Add component (AddParameter): Name = "PartNumber"; Value = "ADS1299IPAGR"; VariantName = "[No Variations]"
Add component (AddParameter): Name = "Reference Mode"; Value = "Int, Ext"; VariantName = "[No Variations]"
Add component (AddParameter): Name = "Resolution"; Value = ""; VariantName = "[No Variations]"
Add component (AddParameter): Name = "Resolution (Bits)"; Value = "24"; VariantName = "[No Variations]"
Add component (AddParameter): Name = "RoHS"; Value = "TRUE"; VariantName = "[No Variations]"
Add component (AddParameter): Name = "Sample Rate (max)"; Value = ""; VariantName = "[No Variations]"
Add component (AddParameter): Name = "Sample Rate (max) (KSPS)"; Value = "16"; VariantName = "[No Variations]"
Add component (AddParameter): Name = "Supply Voltage"; Value = ""; VariantName = "[No Variations]"
Add component (AddParameter): Name = "Transmit Controller Supply"; Value = ""; VariantName = "[No Variations]"
Added Pin To Net: NetName=NetIC2_4 Pin=J1-6
Added Pin To Net: NetName=NetIC2_6 Pin=J1-8
Added Pin To Net: NetName=NetIC2_4 Pin=R7-2
Added Pin To Net: NetName=NetIC2_6 Pin=R9-2
Added Member To Class: ClassName=MCU Member=Component C12 Cap Semi
Added Member To Class: ClassName=ADS1299 Member=Component U1 ADS1299IPAGR
Added Member To Class: ClassName=ADS1299 Member=Component U1 ADS1299IPAGR
Added Member To Class: ClassName=MCU Member=Component U1 FT232RL-Tray
