Removed Pin From Net: NetName=+5 Pin=U1-22
Removed Pin From Net: NetName=GND Pin=U1-23
Removed Pin From Net: NetName=GND Pin=U1-31
Removed Pin From Net: NetName=GND Pin=U1-32
Removed Pin From Net: NetName=GND Pin=U1-33
Removed Pin From Net: NetName=+3.3 Pin=U1-48
Removed Pin From Net: NetName=GND Pin=U1-49
Removed Pin From Net: NetName=+3.3 Pin=U1-50
Removed Pin From Net: NetName=GND Pin=U1-51
Removed Pin From Net: NetName=GND Pin=U1-53
Removed Pin From Net: NetName=+5 Pin=U1-54
Removed Pin From Net: NetName=+5 Pin=U1-56
Removed Pin From Net: NetName=GND Pin=U1-57
Removed Pin From Net: NetName=GND Pin=U1-58
Removed Pin From Net: NetName=+5 Pin=U1-59
Removed Member From Class: ClassName=MCU Member=C14
Added Component: Designator=U1(PAG0064A_M)
Add component. Clean all parameters for all variants
Add component (AddParameter): Name = "# Input Channels"; Value = "8"; VariantName = "[No Variations]"
Add component (AddParameter): Name = "AFE Analog Supply"; Value = ""; VariantName = "[No Variations]"
Add component (AddParameter): Name = "AFE Digital Supply"; Value = ""; VariantName = "[No Variations]"
Add component (AddParameter): Name = "Architecture"; Value = "Delta-Sigma"; VariantName = "[No Variations]"
Add component (AddParameter): Name = "CMRR"; Value = ""; VariantName = "[No Variations]"
Add component (AddParameter): Name = "ComponentLink1Description"; Value = "Manufacturer URL"; VariantName = "[No Variations]"
Add component (AddParameter): Name = "ComponentLink1URL"; Value = "http://www.ti.com/"; VariantName = "[No Variations]"
Add component (AddParameter): Name = "ComponentLink2Description"; Value = "Datasheet"; VariantName = "[No Variations]"
Add component (AddParameter): Name = "ComponentLink2URL"; Value = "http://www.ti.com/lit/ds/symlink/ads1299.pdf"; VariantName = "[No Variations]"
Add component (AddParameter): Name = "ComponentLink3Description"; Value = "Package Specification"; VariantName = "[No Variations]"
Add component (AddParameter): Name = "ComponentLink3URL"; Value = "http://www.ti.com/lit/ml/mtqf006a/mtqf006a.pdf"; VariantName = "[No Variations]"
Add component (AddParameter): Name = "DatasheetVersion"; Value = "SBAS499A"; VariantName = "[No Variations]"
Add component (AddParameter): Name = "Interface"; Value = "Serial SPI"; VariantName = "[No Variations]"
Add component (AddParameter): Name = "Manufacturer"; Value = "Texas Instruments"; VariantName = "[No Variations]"
Add component (AddParameter): Name = "Mounting Technology"; Value = "Surface Mount"; VariantName = "[No Variations]"
Add component (AddParameter): Name = "Operating Temperature Range"; Value = ""; VariantName = "[No Variations]"
Add component (AddParameter): Name = "Operating Temperature Range (C)"; Value = "-40 to 85"; VariantName = "[No Variations]"
Add component (AddParameter): Name = "PackageDescription"; Value = "64-Pin Plastic Quad Flatpack, Body 10 x 10 mm, Pitch 0.5 mm"; VariantName = "[No Variations]"
Add component (AddParameter): Name = "PackageReference"; Value = "PAG-64"; VariantName = "[No Variations]"
Add component (AddParameter): Name = "PackageVersion"; Value = "4040282/C"; VariantName = "[No Variations]"
Add component (AddParameter): Name = "Packing"; Value = "PAG0064A"; VariantName = "[No Variations]"
Add component (AddParameter): Name = "PartNumber"; Value = "ADS1299IPAGR"; VariantName = "[No Variations]"
Add component (AddParameter): Name = "Reference Mode"; Value = "Int, Ext"; VariantName = "[No Variations]"
Add component (AddParameter): Name = "Resolution"; Value = ""; VariantName = "[No Variations]"
Add component (AddParameter): Name = "Resolution (Bits)"; Value = "24"; VariantName = "[No Variations]"
Add component (AddParameter): Name = "RoHS"; Value = "TRUE"; VariantName = "[No Variations]"
Add component (AddParameter): Name = "Sample Rate (max)"; Value = ""; VariantName = "[No Variations]"
Add component (AddParameter): Name = "Sample Rate (max) (KSPS)"; Value = "16"; VariantName = "[No Variations]"
Add component (AddParameter): Name = "Supply Voltage"; Value = ""; VariantName = "[No Variations]"
Add component (AddParameter): Name = "Transmit Controller Supply"; Value = ""; VariantName = "[No Variations]"
Added Pin To Net: NetName=+5 Pin=U1-19
Added Pin To Net: NetName=GND Pin=U1-20
Added Pin To Net: NetName=+5 Pin=U1-21
Added Pin To Net: NetName=+5 Pin=U1-22
Added Pin To Net: NetName=GND Pin=U1-23
Added Pin To Net: NetName=GND Pin=U1-31
Added Pin To Net: NetName=GND Pin=U1-32
Added Pin To Net: NetName=GND Pin=U1-33
Added Pin To Net: NetName=+3.3 Pin=U1-48
Added Pin To Net: NetName=GND Pin=U1-49
Added Pin To Net: NetName=+3.3 Pin=U1-50
Added Pin To Net: NetName=GND Pin=U1-51
Added Pin To Net: NetName=GND Pin=U1-53
Added Pin To Net: NetName=+5 Pin=U1-54
Added Pin To Net: NetName=+5 Pin=U1-56
Added Pin To Net: NetName=GND Pin=U1-57
Added Pin To Net: NetName=GND Pin=U1-58
Added Pin To Net: NetName=+5 Pin=U1-59
Added Member To Class: ClassName=MCU Member=Component C12 Cap Semi
Added Member To Class: ClassName=ADS1299 Member=Component U1 ADS1299IPAGR
Added Member To Class: ClassName=ADS1299 Member=Component U1 ADS1299IPAGR
Added Member To Class: ClassName=MCU Member=Component U1 FT232RL-Tray
Added Room: Name=ADS1299
Added Room: Name=MCU
Added Room: Name=Power
